Marginal likelihood with initialization (1) = -0.8064604416
Marginal likelihood with initialization (2) = -0.8121041306
Marginal likelihood with initialization (3) = -0.8079128040
Marginal likelihood with initialization (4) = -0.8105051879
Marginal likelihood with initialization (5) = -0.8101065218
Iteration Marginal_Likelihood delta_Marginal_Likelihood Iteration_Time (secs)
0 -0.8064604416 -- 134.450
10 -0.8062479842 0.0002124574 4.617
20 -0.8062092956 0.0000386886 4.618
30 -0.8061872310 0.0000220646 4.652
40 -0.8061765081 0.0000107229 4.828
50 -0.8061684699 0.0000080382 4.620
60 -0.8061622349 0.0000062350 4.623
70 -0.8061569797 0.0000052552 4.623
80 -0.8061523197 0.0000046600 4.625
90 -0.8061479963 0.0000043234 4.808
100 -0.8061463290 0.0000016673 4.658
110 -0.8061440567 0.0000022723 4.621
120 -0.8061422405 0.0000018162 4.625
130 -0.8061410595 0.0000011810 4.623
140 -0.8061404793 0.0000005803 4.616
Marginal Likelihood = -0.8061404793
Total time = 199.6347 seconds
Total iterations = 140 
